Mon Jul  8 13:17:13 CEST 2024:  
Mon Jul  8 13:17:13 CEST 2024:  ---------------------------- 
Mon Jul  8 13:17:13 CEST 2024: Starting installation process.
Mon Jul  8 13:17:16 CEST 2024: No machine selected. Exiting...
Mon Jul  8 13:17:16 CEST 2024: Installation process end.
Mon Jul  8 13:17:16 CEST 2024:  ---------------------------- 
Mon Jul  8 13:17:16 CEST 2024:  
Mon Jul  8 13:17:17 CEST 2024:  
Mon Jul  8 13:17:17 CEST 2024:  ---------------------------- 
Mon Jul  8 13:17:17 CEST 2024: Starting installation process.
Mon Jul  8 13:17:18 CEST 2024: Selected machine: leopard
Mon Jul  8 13:17:18 CEST 2024: Installation process end.
Mon Jul  8 13:17:18 CEST 2024:  ---------------------------- 
Mon Jul  8 13:17:18 CEST 2024:  
Mon Jul  8 13:17:56 CEST 2024:  
Mon Jul  8 13:17:56 CEST 2024:  ---------------------------- 
Mon Jul  8 13:17:56 CEST 2024: Starting installation process.
Mon Jul  8 13:17:57 CEST 2024: Selected machine: leopard
Mon Jul  8 13:17:57 CEST 2024: Installation process end.
Mon Jul  8 13:17:57 CEST 2024:  ---------------------------- 
Mon Jul  8 13:17:57 CEST 2024:  
Mon Jul  8 13:18:19 CEST 2024:  
Mon Jul  8 13:18:19 CEST 2024:  ---------------------------- 
Mon Jul  8 13:18:19 CEST 2024: Starting installation process.
Mon Jul  8 13:18:20 CEST 2024: Selected machine: leopard
Mon Jul  8 13:18:20 CEST 2024: /mnt/c/Users/human/Desktop/dotfiles/leopard/init.sh
Mon Jul  8 13:18:20 CEST 2024: Installation process end.
Mon Jul  8 13:18:20 CEST 2024:  ---------------------------- 
Mon Jul  8 13:18:20 CEST 2024:  
Mon Jul  8 13:18:44 CEST 2024:  
Mon Jul  8 13:18:44 CEST 2024:  ---------------------------- 
Mon Jul  8 13:18:44 CEST 2024: Starting installation process.
Mon Jul  8 13:18:46 CEST 2024: Selected machine: leopard
Mon Jul  8 13:18:54 CEST 2024:  
Mon Jul  8 13:18:54 CEST 2024:  ---------------------------- 
Mon Jul  8 13:18:54 CEST 2024: Starting installation process.
Mon Jul  8 13:18:54 CEST 2024: Selected machine: leopard
Mon Jul  8 13:18:54 CEST 2024: Installation process end.
Mon Jul  8 13:18:54 CEST 2024:  ---------------------------- 
Mon Jul  8 13:18:54 CEST 2024:  
Mon Jul  8 13:19:44 CEST 2024:  
Mon Jul  8 13:19:44 CEST 2024:  ---------------------------- 
Mon Jul  8 13:19:44 CEST 2024: Starting installation process.
Mon Jul  8 13:19:45 CEST 2024: Selected machine: leopard
Mon Jul  8 13:19:45 CEST 2024: Installation process end.
Mon Jul  8 13:19:45 CEST 2024:  ---------------------------- 
Mon Jul  8 13:19:45 CEST 2024:  
Mon Jul  8 13:19:52 CEST 2024:  
Mon Jul  8 13:19:52 CEST 2024:  ---------------------------- 
Mon Jul  8 13:19:52 CEST 2024: Starting installation process.
Mon Jul  8 13:19:52 CEST 2024: Selected machine: leopard
Mon Jul  8 13:19:52 CEST 2024: Installation process end.
Mon Jul  8 13:19:52 CEST 2024:  ---------------------------- 
Mon Jul  8 13:19:52 CEST 2024:  
